<?xml version="1.0" encoding="UTF-8"?>
<!-- Generated by org.testng.reporters.JUnitXMLReporter -->
<testsuite ignored="0" hostname="VidyaLaptop" failures="0" tests="5" name="Create User Tests" time="3.278" errors="0" timestamp="2024-10-18T10:35:15 CDT">
  <testcase classname="testNg.CreateUserTests" name="givenValidUserDetails_whenAddNewUser_thenUserIsCreated" time="1.789"/>
  <testcase classname="testNg.CreateUserTests" name="givenValidUserDetails_whenAddNewUser_thenUserIsCreated" time="0.346"/>
  <testcase classname="testNg.CreateUserTests" name="givenValidUserDetails_whenAddNewUser_thenUserIsCreated" time="0.354"/>
  <testcase classname="testNg.CreateUserTests" name="givenValidUserDetails_whenAddNewUser_thenUserIsCreated" time="0.367"/>
  <testcase classname="testNg.CreateUserTests" name="givenValidUserDetails_whenAddNewUser_thenUserIsCreated" time="0.371"/>
</testsuite> <!-- Create User Tests -->
