<?xml version="1.0" encoding="UTF-8"?>
<!-- Generated by org.testng.reporters.JUnitXMLReporter -->
<testsuite ignored="0" hostname="VidyaLaptop" failures="1" tests="2" name="Get User Tests" time="1.347" errors="0" timestamp="2024-10-18T10:35:17 CDT">
  <testcase classname="testNg.GetUserTests" name="givenValidAuth_whenGetAllUsers_thenStatusCodeIs200" time="0.976"/>
  <testcase classname="testNg.GetUserTests" name="givenValidAuth_whenGetUserById_thenStatusCodeIs200" time="0.363">
    <failure type="java.lang.AssertionError" message="Status code should be 200 expected [200] but found [404]">
      <![CDATA[java.lang.AssertionError: Status code should be 200 expected [200] but found [404]
at testNg.GetUserTests.givenValidAuth_whenGetUserById_thenStatusCodeIs200(GetUserTests.java:27)
at java.base/java.util.ArrayList.forEach(ArrayList.java:1597)
... Removed 31 stack frames]]>
    </failure>
  </testcase> <!-- givenValidAuth_whenGetUserById_thenStatusCodeIs200 -->
</testsuite> <!-- Get User Tests -->
