<?xml version="1.0" encoding="UTF-8"?>
<!-- Generated by org.testng.reporters.JUnitXMLReporter -->
<testsuite ignored="0" hostname="VidyaLaptop" failures="1" tests="1" name="Update User Tests" time="0.373" errors="0" timestamp="2024-10-18T10:35:17 CDT">
  <testcase classname="testNg.UpdateUserTests" name="updateUserTest" time="0.369">
    <failure type="java.lang.AssertionError" message="User update failed! expected [200] but found [404]">
      <![CDATA[java.lang.AssertionError: User update failed! expected [200] but found [404]
at testNg.UpdateUserTests.updateUserTest(UpdateUserTests.java:23)
at java.base/java.util.ArrayList.forEach(ArrayList.java:1597)
... Removed 31 stack frames]]>
    </failure>
  </testcase> <!-- updateUserTest -->
</testsuite> <!-- Update User Tests -->
